[debug] [2017-08-04T17:46:16.644Z] ----------------------------------------------------------------------
[debug] [2017-08-04T17:46:16.648Z] Command:       C:\Program Files\nodejs\node.exe C:\Users\Windows\AppData\Roaming\npm\node_modules\firebase-tools\bin\firebase serve
[debug] [2017-08-04T17:46:16.649Z] CLI Version:   3.9.2
[debug] [2017-08-04T17:46:16.649Z] Platform:      win32
[debug] [2017-08-04T17:46:16.649Z] Node Version:  v6.11.1
[debug] [2017-08-04T17:46:16.650Z] Time:          Fri Aug 04 2017 10:46:16 GMT-0700 (Pacific Daylight Time)
[debug] [2017-08-04T17:46:16.651Z] ----------------------------------------------------------------------
[debug] 
[debug] [2017-08-04T17:46:16.680Z] > command requires scopes: ["email","openid","https://www.googleapis.com/auth/cloudplatformprojects.readonly","https://www.googleapis.com/auth/firebase","https://www.googleapis.com/auth/cloud-platform"]
[debug] [2017-08-04T17:46:16.681Z] > authorizing via signed-in user
[debug] [2017-08-04T17:46:16.686Z] >>> HTTP REQUEST GET https://admin.firebase.com/v1/projects/jadelink-d3ba0  
 Fri Aug 04 2017 10:46:16 GMT-0700 (Pacific Daylight Time)
[debug] [2017-08-04T17:46:17.252Z] <<< HTTP RESPONSE 200
[debug] [2017-08-04T17:46:17.253Z] >>> HTTP REQUEST GET https://admin.firebase.com/v1/database/jadelink-d3ba0/tokens  
 Fri Aug 04 2017 10:46:17 GMT-0700 (Pacific Daylight Time)
[debug] [2017-08-04T17:46:17.789Z] <<< HTTP RESPONSE 200
[info] 
[info] === Serving from 'C:\Users\Windows\JadeLink\website'...
[info] 
[debug] [2017-08-04T17:46:17.794Z] >>> HTTP REQUEST GET https://cloudresourcemanager.googleapis.com/v1/projects/jadelink-d3ba0  
 Fri Aug 04 2017 10:46:17 GMT-0700 (Pacific Daylight Time)
[debug] [2017-08-04T17:46:18.059Z] <<< HTTP RESPONSE 200
[debug] [2017-08-04T17:46:18.059Z] >>> HTTP REQUEST GET https://mobilesdk-pa.googleapis.com/v1/projects/567012066939/clients/_:getWebAppConfig  
 Fri Aug 04 2017 10:46:18 GMT-0700 (Pacific Daylight Time)
[debug] [2017-08-04T17:46:18.351Z] <<< HTTP RESPONSE 200
[info] i  hosting: Serving hosting files from: public
[info] +  hosting: Local server: http://localhost:5000

